#
# A fatal error has been detected by the Java Runtime Environment:
#
#  EXCEPTION_ACCESS_VIOLATION (0xc0000005) at pc=0x0000000069d77c0a, pid=21300, tid=0x0000000000005180
#
# JRE version: Java(TM) SE Runtime Environment (8.0_201-b09) (build 1.8.0_201-b09)
# Java VM: Java HotSpot(TM) 64-Bit Server VM (25.201-b09 mixed mode windows-amd64 compressed oops)
# Problematic frame:
# V  [jvm.dll+0xf7c0a]
#
# Failed to write core dump. Minidumps are not enabled by default on client versions of Windows
#
# If you would like to submit a bug report, please visit:
#   http://bugreport.java.com/bugreport/crash.jsp
#

---------------  T H R E A D  ---------------

Current thread (0x000000001ca27800):  VMThread [stack: 0x000000001dab0000,0x000000001dbb0000] [id=20864]

siginfo: ExceptionCode=0xc0000005, reading address 0x000000001c5e9132

Registers:
RAX=0x0000000000009860, RBX=0x0000000000000000, RCX=0x000000001c59e900, RDX=0x0000000000009860
RSP=0x000000001dbaed98, RBP=0x000000001dbaf310, RSI=0x000000001dbaf4a0, RDI=0x000000001dbaf4a0
R8 =0x0000000000000000, R9 =0x000000001c59cde0, R10=0x0000000000000008, R11=0x000000001c59d7d1
R12=0x000000001e072420, R13=0x000000001dbaf2d0, R14=0x00000000000003d8, R15=0x000000001dbaf2c0
RIP=0x0000000069d77c0a, EFLAGS=0x0000000000010202

Top of Stack: (sp=0x000000001dbaed98)
0x000000001dbaed98:   0000000069d7f640 000000001dbaf3e0
0x000000001dbaeda8:   0000000000000000 000000001dbaf4a0
0x000000001dbaedb8:   0000000000000001 000000001dbaf3e0
0x000000001dbaedc8:   000000001eec4610 000000006a288f38
0x000000001dbaedd8:   00000000033bd810 0000000000000002
0x000000001dbaede8:   000000000000000c 000000001dbaee10
0x000000001dbaedf8:   0000000000000001 0000000046000063
0x000000001dbaee08:   0000000000000002 4fffffff4fffffff
0x000000001dbaee18:   00000000000003d8 4fffffff4fffffff
0x000000001dbaee28:   ffffffffffffffff 0000000000000001
0x000000001dbaee38:   0000000069d45288 000000001dbaf3e0
0x000000001dbaee48:   000000001dbaf4a0 0000ab6f97d88a90
0x000000001dbaee58:   000000001dbaf3a0 000000001dbaf4a0
0x000000001dbaee68:   0000000069d7f7c6 000000004fffffff
0x000000001dbaee78:   0000000000000001 000000001dbaf4a0
0x000000001dbaee88:   000000001eec4610 0000ab6f00000000 

Instructions: (pc=0x0000000069d77c0a)
0x0000000069d77bea:   48 c1 e0 05 48 8b 44 08 10 0f b7 c0 eb 12 48 63
0x0000000069d77bfa:   c2 48 c1 e0 05 48 8b 44 08 10 0f b7 d0 48 63 c2
0x0000000069d77c0a:   41 0f b7 4c c1 52 48 63 c1 41 0f b7 44 c1 52 49
0x0000000069d77c1a:   8b 44 c1 50 c3 49 8b 41 08 48 63 ca 0f b6 44 08 


Register to memory mapping:

RAX=0x0000000000009860 is an unknown value
RBX=0x0000000000000000 is an unknown value
RCX=0x000000001c59e900 is pointing into metadata
RDX=0x0000000000009860 is an unknown value
RSP=0x000000001dbaed98 is an unknown value
RBP=0x000000001dbaf310 is an unknown value
RSI=0x000000001dbaf4a0 is an unknown value
RDI=0x000000001dbaf4a0 is an unknown value
R8 =0x0000000000000000 is an unknown value
R9 =0x000000001c59cde0 is pointing into metadata
R10=0x0000000000000008 is an unknown value
R11=0x000000001c59d7d1 is pointing into metadata
R12=0x000000001e072420 is an unknown value
R13=0x000000001dbaf2d0 is an unknown value
R14=0x00000000000003d8 is an unknown value
R15=0x000000001dbaf2c0 is an unknown value


Stack: [0x000000001dab0000,0x000000001dbb0000],  sp=0x000000001dbaed98,  free space=1019k
Native frames: (J=compiled Java code, j=interpreted, Vv=VM code, C=native code)
V  [jvm.dll+0xf7c0a]

VM_Operation (0x000000001e50f020): GetOrSetLocal, mode: safepoint, requested by thread 0x000000001cabc000


---------------  P R O C E S S  ---------------

Java Threads: ( => current thread )
  0x000000001df9c000 JavaThread "Service Thread" daemon [_thread_blocked, id=15800, stack(0x000000001eb50000,0x000000001ec50000)]
  0x000000001deff000 JavaThread "C1 CompilerThread2" daemon [_thread_blocked, id=20980, stack(0x000000001ea50000,0x000000001eb50000)]
  0x000000001def6800 JavaThread "C2 CompilerThread1" daemon [_thread_blocked, id=14200, stack(0x000000001e950000,0x000000001ea50000)]
  0x000000001def5000 JavaThread "C2 CompilerThread0" daemon [_thread_blocked, id=18148, stack(0x000000001e850000,0x000000001e950000)]
  0x000000001de2f800 JavaThread "JDWP Command Reader" daemon [_thread_in_native, id=8528, stack(0x000000001e650000,0x000000001e750000)]
  0x000000001de2c000 JavaThread "JDWP Event Helper Thread" daemon [_thread_blocked, id=9256, stack(0x000000001e550000,0x000000001e650000)]
  0x000000001cabc000 JavaThread "JDWP Transport Listener: dt_socket" daemon [_thread_blocked, id=8616, stack(0x000000001e410000,0x000000001e510000)]
  0x000000001cab6800 JavaThread "Attach Listener" daemon [_thread_blocked, id=6436, stack(0x000000001e310000,0x000000001e410000)]
  0x000000001de20800 JavaThread "Signal Dispatcher" daemon [_thread_blocked, id=12680, stack(0x000000001e210000,0x000000001e310000)]
  0x0000000003467800 JavaThread "Finalizer" daemon [_thread_blocked, id=19364, stack(0x000000001dcb0000,0x000000001ddb0000)]
  0x0000000003464000 JavaThread "Reference Handler" daemon [_thread_blocked, id=18804, stack(0x000000001dbb0000,0x000000001dcb0000)]
  0x0000000003374000 JavaThread "main" [_thread_blocked, id=19332, stack(0x0000000003080000,0x0000000003180000)]

Other Threads:
=>0x000000001ca27800 VMThread [stack: 0x000000001dab0000,0x000000001dbb0000] [id=20864]
  0x000000001dfda800 WatcherThread [stack: 0x000000001ec50000,0x000000001ed50000] [id=20128]

VM state:at safepoint (normal execution)

VM Mutex/Monitor currently owned by a thread:  ([mutex/lock_event])
[0x0000000003371050] Threads_lock - owner thread: 0x000000001ca27800

heap address: 0x00000006c1800000, size: 4072 MB, Compressed Oops mode: Zero based, Oop shift amount: 3
Narrow klass base: 0x0000000000000000, Narrow klass shift: 3
Compressed class space size: 1073741824 Address: 0x00000007c0000000

Heap:
 PSYoungGen      total 76288K, used 11808K [0x000000076b300000, 0x0000000770800000, 0x00000007c0000000)
  eden space 65536K, 18% used [0x000000076b300000,0x000000076be88310,0x000000076f300000)
  from space 10752K, 0% used [0x000000076fd80000,0x000000076fd80000,0x0000000770800000)
  to   space 10752K, 0% used [0x000000076f300000,0x000000076f300000,0x000000076fd80000)
 ParOldGen       total 175104K, used 0K [0x00000006c1800000, 0x00000006cc300000, 0x000000076b300000)
  object space 175104K, 0% used [0x00000006c1800000,0x00000006c1800000,0x00000006cc300000)
 Metaspace       used 5599K, capacity 5748K, committed 5888K, reserved 1056768K
  class space    used 640K, capacity 659K, committed 768K, reserved 1048576K

Card table byte_map: [0x0000000012830000,0x0000000013030000] byte_map_base: 0x000000000f224000

Marking Bits: (ParMarkBitMap*) 0x000000006a4a4ce0
 Begin Bits: [0x0000000013980000, 0x0000000017920000)
 End Bits:   [0x0000000017920000, 0x000000001b8c0000)

Polling page: 0x0000000001520000

CodeCache: size=245760Kb used=1789Kb max_used=1806Kb free=243970Kb
 bounds [0x0000000003470000, 0x00000000036e0000, 0x0000000012470000]
 total_blobs=558 nmethods=272 adapters=207
 compilation: enabled

Compilation events (10 events):
Event: 1.300 Thread 0x000000001deff000 nmethod 267 0x000000000360ef90 code [0x000000000360f0e0, 0x000000000360f1f0]
Event: 1.301 Thread 0x000000001def5000  268       4       sun.misc.MetaIndex::mayContain (51 bytes)
Event: 1.303 Thread 0x000000001deff000  269   !   3       java.util.zip.Inflater::ended (32 bytes)
Event: 1.304 Thread 0x000000001deff000 nmethod 269 0x000000000362a290 code [0x000000000362a400, 0x000000000362a7f0]
Event: 1.304 Thread 0x000000001deff000  270       3       java.lang.ClassLoader::loadClass (7 bytes)
Event: 1.304 Thread 0x000000001deff000 nmethod 270 0x000000000362a950 code [0x000000000362aac0, 0x000000000362ace8]
Event: 1.319 Thread 0x000000001def5000 nmethod 268 0x000000000362e2d0 code [0x000000000362e420, 0x000000000362e998]
Event: 1.319 Thread 0x000000001def5000  272       4       java.lang.String::<init> (82 bytes)
Event: 1.325 Thread 0x000000001def5000 nmethod 272 0x000000000362ee50 code [0x000000000362efa0, 0x000000000362f358]
Event: 1.364 Thread 0x000000001def6800 nmethod 266 0x0000000003632510 code [0x00000000036327c0, 0x0000000003633fa8]

GC Heap History (0 events):
No events

Deoptimization events (0 events):
No events

Classes redefined (5 events):
Event: 197.900 Thread 0x000000001ca27800 redefined class name=BigInt16test, count=1
Event: 406.730 Thread 0x000000001ca27800 redefined class name=BigInt16, count=1
Event: 784.011 Thread 0x000000001ca27800 redefined class name=BigInt16, count=2
Event: 888.452 Thread 0x000000001ca27800 redefined class name=BigInt16, count=3
Event: 927.790 Thread 0x000000001ca27800 redefined class name=BigInt16, count=4

Internal exceptions (7 events):
Event: 0.087 Thread 0x0000000003374000 Exception <a 'java/lang/NoSuchMethodError': Method sun.misc.Unsafe.defineClass(Ljava/lang/String;[BII)Ljava/lang/Class; name or signature does not match> (0x000000076b307cb0) thrown at [C:\re\workspace\8-2-build-windows-amd64-cygwin\jdk8u201\12322\hotspot
Event: 0.087 Thread 0x0000000003374000 Exception <a 'java/lang/NoSuchMethodError': Method sun.misc.Unsafe.prefetchRead(Ljava/lang/Object;J)V name or signature does not match> (0x000000076b307f98) thrown at [C:\re\workspace\8-2-build-windows-amd64-cygwin\jdk8u201\12322\hotspot\src\share\vm\prim
Event: 0.381 Thread 0x0000000003374000 Exception <a 'java/security/PrivilegedActionException'> (0x000000076b5b77f0) thrown at [C:\re\workspace\8-2-build-windows-amd64-cygwin\jdk8u201\12322\hotspot\src\share\vm\prims\jvm.cpp, line 1502]
Event: 0.381 Thread 0x0000000003374000 Exception <a 'java/security/PrivilegedActionException'> (0x000000076b5b7a00) thrown at [C:\re\workspace\8-2-build-windows-amd64-cygwin\jdk8u201\12322\hotspot\src\share\vm\prims\jvm.cpp, line 1502]
Event: 0.383 Thread 0x0000000003374000 Exception <a 'java/security/PrivilegedActionException'> (0x000000076b5bb910) thrown at [C:\re\workspace\8-2-build-windows-amd64-cygwin\jdk8u201\12322\hotspot\src\share\vm\prims\jvm.cpp, line 1502]
Event: 0.383 Thread 0x0000000003374000 Exception <a 'java/security/PrivilegedActionException'> (0x000000076b5bbb20) thrown at [C:\re\workspace\8-2-build-windows-amd64-cygwin\jdk8u201\12322\hotspot\src\share\vm\prims\jvm.cpp, line 1502]
Event: 1.039 Thread 0x0000000003374000 Exception <a 'java/io/FileNotFoundException'> (0x000000076b7e0af0) thrown at [C:\re\workspace\8-2-build-windows-amd64-cygwin\jdk8u201\12322\hotspot\src\share\vm\prims\jni.cpp, line 709]

Events (10 events):
Event: 927.790 Executing VM operation: RedefineClasses done
Event: 927.833 Executing VM operation: ChangeBreakpoints
Event: 927.833 Executing VM operation: ChangeBreakpoints done
Event: 927.835 Executing VM operation: ChangeBreakpoints
Event: 927.835 Executing VM operation: ChangeBreakpoints done
Event: 927.838 Executing VM operation: GetOrSetLocal
Event: 927.838 Executing VM operation: GetOrSetLocal done
Event: 927.840 Executing VM operation: GetOrSetLocal
Event: 927.840 Executing VM operation: GetOrSetLocal done
Event: 927.845 Executing VM operation: GetOrSetLocal


Dynamic libraries:
0x00007ff64b210000 - 0x00007ff64b247000 	C:\Program Files\Java\jdk1.8.0_201\bin\java.exe
0x00007ffa8dfc0000 - 0x00007ffa8e1b0000 	C:\WINDOWS\SYSTEM32\ntdll.dll
0x00007ffa8d9a0000 - 0x00007ffa8da52000 	C:\WINDOWS\System32\KERNEL32.DLL
0x00007ffa8b790000 - 0x00007ffa8ba35000 	C:\WINDOWS\System32\KERNELBASE.dll
0x00007ffa8d4c0000 - 0x00007ffa8d563000 	C:\WINDOWS\System32\ADVAPI32.dll
0x00007ffa8db70000 - 0x00007ffa8dc0e000 	C:\WINDOWS\System32\msvcrt.dll
0x00007ffa8d410000 - 0x00007ffa8d4a7000 	C:\WINDOWS\System32\sechost.dll
0x00007ffa8c920000 - 0x00007ffa8ca40000 	C:\WINDOWS\System32\RPCRT4.dll
0x00007ffa8d580000 - 0x00007ffa8d714000 	C:\WINDOWS\System32\USER32.dll
0x00007ffa8af50000 - 0x00007ffa8af71000 	C:\WINDOWS\System32\win32u.dll
0x00007ffa8da70000 - 0x00007ffa8da96000 	C:\WINDOWS\System32\GDI32.dll
0x00007ffa8bb30000 - 0x00007ffa8bcc6000 	C:\WINDOWS\System32\gdi32full.dll
0x00007ffa8bcd0000 - 0x00007ffa8bd6e000 	C:\WINDOWS\System32\msvcp_win.dll
0x00007ffa8bf70000 - 0x00007ffa8c06a000 	C:\WINDOWS\System32\ucrtbase.dll
0x00007ffa79750000 - 0x00007ffa799d4000 	C:\WINDOWS\WinSxS\amd64_microsoft.windows.common-controls_6595b64144ccf1df_6.0.18362.1139_none_9e7bf2d3e4605ac6\COMCTL32.dll
0x00007ffa8d0d0000 - 0x00007ffa8d405000 	C:\WINDOWS\System32\combase.dll
0x00007ffa8ba40000 - 0x00007ffa8bac0000 	C:\WINDOWS\System32\bcryptPrimitives.dll
0x00007ffa8c0d0000 - 0x00007ffa8c0fe000 	C:\WINDOWS\System32\IMM32.DLL
0x000000006a530000 - 0x000000006a601000 	C:\Program Files\Java\jdk1.8.0_201\jre\bin\msvcr100.dll
0x0000000069c80000 - 0x000000006a524000 	C:\Program Files\Java\jdk1.8.0_201\jre\bin\server\jvm.dll
0x00007ffa8d570000 - 0x00007ffa8d578000 	C:\WINDOWS\System32\PSAPI.DLL
0x00007ffa83d40000 - 0x00007ffa83d49000 	C:\WINDOWS\SYSTEM32\WSOCK32.dll
0x00007ffa8daa0000 - 0x00007ffa8db0f000 	C:\WINDOWS\System32\WS2_32.dll
0x00007ffa82460000 - 0x00007ffa82484000 	C:\WINDOWS\SYSTEM32\WINMM.dll
0x00007ffa83060000 - 0x00007ffa8306a000 	C:\WINDOWS\SYSTEM32\VERSION.dll
0x00007ffa82430000 - 0x00007ffa8245d000 	C:\WINDOWS\SYSTEM32\WINMMBASE.dll
0x00007ffa8bae0000 - 0x00007ffa8bb2a000 	C:\WINDOWS\System32\cfgmgr32.dll
0x00007ffa857d0000 - 0x00007ffa857df000 	C:\Program Files\Java\jdk1.8.0_201\jre\bin\verify.dll
0x00007ffa7b180000 - 0x00007ffa7b1a9000 	C:\Program Files\Java\jdk1.8.0_201\jre\bin\java.dll
0x00007ffa7a4e0000 - 0x00007ffa7a515000 	C:\Program Files\Java\jdk1.8.0_201\jre\bin\jdwp.dll
0x00007ffa7b160000 - 0x00007ffa7b168000 	C:\Program Files\Java\jdk1.8.0_201\jre\bin\npt.dll
0x00007ffa7a470000 - 0x00007ffa7a493000 	C:\Program Files\Java\jdk1.8.0_201\jre\bin\instrument.dll
0x00007ffa84590000 - 0x00007ffa845a6000 	C:\Program Files\Java\jdk1.8.0_201\jre\bin\zip.dll
0x00007ffa8c180000 - 0x00007ffa8c867000 	C:\WINDOWS\System32\SHELL32.dll
0x00007ffa8d8d0000 - 0x00007ffa8d979000 	C:\WINDOWS\System32\shcore.dll
0x00007ffa8afe0000 - 0x00007ffa8b760000 	C:\WINDOWS\System32\windows.storage.dll
0x00007ffa8aeb0000 - 0x00007ffa8aed3000 	C:\WINDOWS\System32\profapi.dll
0x00007ffa8af00000 - 0x00007ffa8af4a000 	C:\WINDOWS\System32\powrprof.dll
0x00007ffa8ae80000 - 0x00007ffa8ae90000 	C:\WINDOWS\System32\UMPDC.dll
0x00007ffa8c070000 - 0x00007ffa8c0c2000 	C:\WINDOWS\System32\shlwapi.dll
0x00007ffa8ae90000 - 0x00007ffa8aea1000 	C:\WINDOWS\System32\kernel.appcore.dll
0x00007ffa8bac0000 - 0x00007ffa8bad7000 	C:\WINDOWS\System32\cryptsp.dll
0x00007ffa7b150000 - 0x00007ffa7b159000 	C:\Program Files\Java\jdk1.8.0_201\jre\bin\dt_socket.dll
0x00007ffa57f20000 - 0x00007ffa5809a000 	C:\Program Files (x86)\Sangfor\SSL\ClientComponent\2_SangforTcpX64.dll
0x00007ffa8dc10000 - 0x00007ffa8dd67000 	C:\WINDOWS\System32\ole32.dll
0x00007ffa8cab0000 - 0x00007ffa8cb75000 	C:\WINDOWS\System32\OLEAUT32.dll
0x00007ffa8af80000 - 0x00007ffa8afdc000 	C:\WINDOWS\System32\WINTRUST.dll
0x00007ffa8aee0000 - 0x00007ffa8aef2000 	C:\WINDOWS\System32\MSASN1.dll
0x00007ffa8be20000 - 0x00007ffa8bf69000 	C:\WINDOWS\System32\CRYPT32.dll
0x00007ffa8a6d0000 - 0x00007ffa8a737000 	C:\WINDOWS\system32\mswsock.dll
0x00007ffa8a240000 - 0x00007ffa8a273000 	C:\WINDOWS\system32\rsaenh.dll
0x00007ffa8b760000 - 0x00007ffa8b786000 	C:\WINDOWS\System32\bcrypt.dll
0x00007ffa8ada0000 - 0x00007ffa8adc5000 	C:\WINDOWS\SYSTEM32\USERENV.dll
0x00007ffa8a8a0000 - 0x00007ffa8a8ac000 	C:\WINDOWS\SYSTEM32\CRYPTBASE.dll
0x00007ffa7a4c0000 - 0x00007ffa7a4da000 	C:\Program Files\Java\jdk1.8.0_201\jre\bin\net.dll
0x00007ffa7bfd0000 - 0x00007ffa7c1a6000 	C:\WINDOWS\SYSTEM32\urlmon.dll
0x00007ffa7bd20000 - 0x00007ffa7bfc7000 	C:\WINDOWS\SYSTEM32\iertutil.dll
0x00007ffa8a3e0000 - 0x00007ffa8a41a000 	C:\WINDOWS\SYSTEM32\IPHLPAPI.DLL
0x00007ffa8da60000 - 0x00007ffa8da68000 	C:\WINDOWS\System32\NSI.dll
0x00007ffa83070000 - 0x00007ffa83086000 	C:\WINDOWS\SYSTEM32\dhcpcsvc6.DLL
0x00007ffa833c0000 - 0x00007ffa833dc000 	C:\WINDOWS\SYSTEM32\dhcpcsvc.DLL
0x00007ffa8a420000 - 0x00007ffa8a4eb000 	C:\WINDOWS\SYSTEM32\DNSAPI.dll
0x00007ffa79ec0000 - 0x00007ffa79ed1000 	C:\Program Files\Java\jdk1.8.0_201\jre\bin\nio.dll
0x00007ffa89780000 - 0x00007ffa89974000 	C:\WINDOWS\SYSTEM32\dbghelp.dll

VM Arguments:
jvm_args: -agentlib:jdwp=transport=dt_socket,address=127.0.0.1:8229,suspend=y,server=n -ea -Didea.test.cyclic.buffer.size=1048576 -javaagent:C:\Users\dell\.IntelliJIdea2018.3\system\captureAgent\debugger-agent.jar -Dfile.encoding=UTF-8 
java_command: com.intellij.rt.execution.junit.JUnitStarter -ideVersion5 -junit4 BigInt16test,test3
java_class_path (initial): D:\IDEA\IntelliJ IDEA 2018.3.4\lib\idea_rt.jar;D:\IDEA\IntelliJ IDEA 2018.3.4\plugins\junit\lib\junit-rt.jar;D:\IDEA\IntelliJ IDEA 2018.3.4\plugins\junit\lib\junit5-rt.jar;C:\Program Files\Java\jdk1.8.0_201\jre\lib\charsets.jar;C:\Program Files\Java\jdk1.8.0_201\jre\lib\deploy.jar;C:\Program Files\Java\jdk1.8.0_201\jre\lib\ext\access-bridge-64.jar;C:\Program Files\Java\jdk1.8.0_201\jre\lib\ext\cldrdata.jar;C:\Program Files\Java\jdk1.8.0_201\jre\lib\ext\dnsns.jar;C:\Program Files\Java\jdk1.8.0_201\jre\lib\ext\jaccess.jar;C:\Program Files\Java\jdk1.8.0_201\jre\lib\ext\jfxrt.jar;C:\Program Files\Java\jdk1.8.0_201\jre\lib\ext\localedata.jar;C:\Program Files\Java\jdk1.8.0_201\jre\lib\ext\nashorn.jar;C:\Program Files\Java\jdk1.8.0_201\jre\lib\ext\sunec.jar;C:\Program Files\Java\jdk1.8.0_201\jre\lib\ext\sunjce_provider.jar;C:\Program Files\Java\jdk1.8.0_201\jre\lib\ext\sunmscapi.jar;C:\Program Files\Java\jdk1.8.0_201\jre\lib\ext\sunpkcs11.jar;C:\Program Files\Java\jdk1.8.0_201\jre\lib\ext\zipfs.jar;C:\Program Files\Java\jdk1.8.0_201\jre\lib\javaws.jar;C:\Program Files\Java\jdk1.8.0_201\jre\lib\jce.jar;C:\Program Files\Java\jdk1.8.0_201\jre\lib\jfr.jar;C:\Program Files\Java\jdk1.8.0_201\jre\lib\jfxswt.jar;C:\Program Files\Java\jdk1.8.0_201\jre\lib\jsse.jar;C:\Program Files\Java\jdk1.8.0_201\jre\lib\management-agent.jar;C:\Program Files\Java\jdk1.8.0_201\jre\lib\plugin.jar;C:\Program Files\Java\jdk1.8.0_201\jre\lib\resources.jar;C:\Program Files\Java\jdk1.8.0_201\jre\lib\rt.jar;D:\DAYDREAM\TESTProgram\junit4-main\lib\hamcrest-core-1.3.jar;D:\DAYDREAM\TESTProgram\dsaahw2\out\production\dsaahw2;D:\DAYDREAM\TESTProgram\junit-4.12.jar;C:\Users\dell\.IntelliJIdea2018.3\system\captureAgent\debugger-agent.jar
Launcher Type: SUN_STANDARD

Environment Variables:
JAVA_HOME=C:\Program Files\Java\jdk1.8.0_201
CLASSPATH=.;C:\Program Files\Java\jdk1.8.0_201\lib\dt.jar;C:\Program Files\Java\jdk1.8.0_201\lib\tools.jar;
PATH=C:\Program Files (x86)\Common Files\Oracle\Java\javapath;C:\Program Files (x86)\Common Files\Intel\Shared Libraries\redist\intel64\compiler;C:\Program Files\Intel\iCLS Client\;C:\WINDOWS\system32;C:\WINDOWS;C:\WINDOWS\System32\Wbem;C:\WINDOWS\System32\WindowsPowerShell\v1.0\;C:\WINDOWS\System32\OpenSSH\;D:\TDMGCC\bin;D:\MinGW\mingw64\bin;C:\Program Files\Java\jdk1.8.0_201\bin;C:\Program Files\Java\jdk1.8.0_201\jre\bin;C:\Program Files\Microsoft SQL Server\Client SDK\ODBC\110\Tools\Binn\;C:\Program Files (x86)\Microsoft SQL Server\120\Tools\Binn\;C:\Program Files\Microsoft SQL Server\120\Tools\Binn\;C:\Program Files\Microsoft SQL Server\120\DTS\Binn\;C:\Program Files (x86)\Windows Kits\8.1\Windows Performance Toolkit\;J:\MATLAB\bin;C:\Program Files\Intel\WiFi\bin\;C:\Program Files\Common Files\Intel\WirelessCommon\;J:\Git\Git\cmd;C:\Program Files (x86)\Intel\Intel(R) Management Engine Components\DAL;C:\Program Files\Intel\Intel(R) Management Engine Components\DAL;J:\cmake\bin;C:\Users\dell\AppData\Local\Programs\Python\Python37\Scripts\;C:\Users\dell\AppData\Local\Programs\Python\Python37\;C:\Users\dell\AppData\Local\Microsoft\WindowsApps;;D:\IDEA\IntelliJ IDEA 2018.3.4\bin;;J:\Microsoft VS Code\bin;I:\PyCharm\PyCharm Community Edition 2019.3.4\bin;
USERNAME=changshan
OS=Windows_NT
PROCESSOR_IDENTIFIER=Intel64 Family 6 Model 142 Stepping 9, GenuineIntel



---------------  S Y S T E M  ---------------

OS: Windows 10.0 , 64 bit Build 18362 (10.0.18362.1110)

CPU:total 4 (initial active 4) (2 cores per cpu, 2 threads per core) family 6 model 142 stepping 9, cmov, cx8, fxsr, mmx, sse, sse2, sse3, ssse3, sse4.1, sse4.2, popcnt, avx, avx2, aes, clmul, erms, 3dnowpref, lzcnt, ht, tsc, tscinvbit, bmi1, bmi2, adx

Memory: 4k page, physical 16672292k(8657128k free), swap 20080164k(8387340k free)

vm_info: Java HotSpot(TM) 64-Bit Server VM (25.201-b09) for windows-amd64 JRE (1.8.0_201-b09), built on Dec 15 2018 18:36:39 by "java_re" with MS VC++ 10.0 (VS2010)

time: Sun Oct 25 05:39:32 2020
timezone: 中国标准时间
elapsed time: 927 seconds (0d 0h 15m 27s)

